mobile-app/android/app/build/intermediates/manifest_merge_blame_file/release/processReleaseMainManifest/manifest-merger-blame-release-report.txt
1<?xml version="1.0" encoding="utf-8"?>
2<manifest xmlns:android="http://schemas.android.com/apk/res/android"
3    package="mw.dtps.app"
4    android:versionCode="9"
5    android:versionName="1.7.0" >
6
7    <uses-sdk
8        android:minSdkVersion="24"
9        android:targetSdkVersion="35" />
10
11    <!-- Core Permissions -->
12    <uses-permission android:name="android.permission.INTERNET" />
12-->src/main/AndroidManifest.xml:9:5-67
12-->src/main/AndroidManifest.xml:9:22-64
13    <uses-permission android:name="android.permission.ACCESS_NETWORK_STATE" />
13-->src/main/AndroidManifest.xml:10:5-79
13-->src/main/AndroidManifest.xml:10:22-76
14    <uses-permission android:name="android.permission.VIBRATE" />
14-->src/main/AndroidManifest.xml:11:5-66
14-->src/main/AndroidManifest.xml:11:22-63
15    <uses-permission android:name="android.permission.POST_NOTIFICATIONS" />
15-->src/main/AndroidManifest.xml:12:5-77
15-->src/main/AndroidManifest.xml:12:22-74
16
17    <!-- Camera Permission - For uploading meal photos and profile pictures -->
18    <uses-permission android:name="android.permission.CAMERA" />
18-->src/main/AndroidManifest.xml:15:5-65
18-->src/main/AndroidManifest.xml:15:22-62
19
20    <!-- Media Permissions - For selecting photos from gallery for meal tracking -->
21    <uses-permission android:name="android.permission.READ_MEDIA_IMAGES" />
21-->src/main/AndroidManifest.xml:18:5-76
21-->src/main/AndroidManifest.xml:18:22-73
22    <uses-permission
22-->src/main/AndroidManifest.xml:19:5-20:38
23        android:name="android.permission.READ_EXTERNAL_STORAGE"
23-->src/main/AndroidManifest.xml:19:22-77
24        android:maxSdkVersion="32" />
24-->src/main/AndroidManifest.xml:20:9-35
25
26    <!-- Audio Permission - For video consultations with dietitian -->
27    <uses-permission android:name="android.permission.RECORD_AUDIO" />
27-->src/main/AndroidManifest.xml:23:5-71
27-->src/main/AndroidManifest.xml:23:22-68
28    <uses-permission android:name="android.permission.MODIFY_AUDIO_SETTINGS" />
28-->src/main/AndroidManifest.xml:24:5-80
28-->src/main/AndroidManifest.xml:24:22-77
29
30    <!-- Hardware Features (all optional) -->
31    <uses-feature
31-->src/main/AndroidManifest.xml:27:5-85
32        android:name="android.hardware.camera"
32-->src/main/AndroidManifest.xml:27:19-57
33        android:required="false" />
33-->src/main/AndroidManifest.xml:27:58-82
34    <uses-feature
34-->src/main/AndroidManifest.xml:28:5-95
35        android:name="android.hardware.camera.autofocus"
35-->src/main/AndroidManifest.xml:28:19-67
36        android:required="false" />
36-->src/main/AndroidManifest.xml:28:68-92
37    <uses-feature
37-->src/main/AndroidManifest.xml:29:5-89
38        android:name="android.hardware.microphone"
38-->src/main/AndroidManifest.xml:29:19-61
39        android:required="false" />
39-->src/main/AndroidManifest.xml:29:62-86
40
41    <uses-permission android:name="android.permission.WAKE_LOCK" /> <!-- Required by older versions of Google Play services to create IID tokens -->
41-->[com.google.firebase:firebase-messaging:24.1.0] AndroidManifest.xml:24:5-68
41-->[com.google.firebase:firebase-messaging:24.1.0] AndroidManifest.xml:24:22-65
42    <uses-permission android:name="com.google.android.c2dm.permission.RECEIVE" />
42-->[com.google.firebase:firebase-messaging:24.1.0] AndroidManifest.xml:26:5-82
42-->[com.google.firebase:firebase-messaging:24.1.0] AndroidManifest.xml:26:22-79
43    <uses-permission android:name="android.permission.ACCESS_ADSERVICES_ATTRIBUTION" />
43-->[com.google.android.gms:play-services-measurement-api:22.2.0] AndroidManifest.xml:26:5-88
43-->[com.google.android.gms:play-services-measurement-api:22.2.0] AndroidManifest.xml:26:22-85
44    <uses-permission android:name="android.permission.ACCESS_ADSERVICES_AD_ID" />
44-->[com.google.android.gms:play-services-measurement-api:22.2.0] AndroidManifest.xml:27:5-82
44-->[com.google.android.gms:play-services-measurement-api:22.2.0] AndroidManifest.xml:27:22-79
45    <uses-permission android:name="com.google.android.finsky.permission.BIND_GET_INSTALL_REFERRER_SERVICE" />
45-->[com.google.android.gms:play-services-measurement:22.2.0] AndroidManifest.xml:26:5-110
45-->[com.google.android.gms:play-services-measurement:22.2.0] AndroidManifest.xml:26:22-107
46
47    <permission
47-->[androidx.core:core:1.15.0] AndroidManifest.xml:22:5-24:47
48        android:name="mw.dtps.app.DYNAMIC_RECEIVER_NOT_EXPORTED_PERMISSION"
48-->[androidx.core:core:1.15.0] AndroidManifest.xml:23:9-81
49        android:protectionLevel="signature" />
49-->[androidx.core:core:1.15.0] AndroidManifest.xml:24:9-44
50
51    <uses-permission android:name="mw.dtps.app.DYNAMIC_RECEIVER_NOT_EXPORTED_PERMISSION" />
51-->[androidx.core:core:1.15.0] AndroidManifest.xml:26:5-97
51-->[androidx.core:core:1.15.0] AndroidManifest.xml:26:22-94
52
53    <application
53-->src/main/AndroidManifest.xml:31:5-109:19
54        android:name="mw.dtps.app.DTPSApplication"
54-->src/main/AndroidManifest.xml:32:9-40
55        android:allowBackup="true"
55-->src/main/AndroidManifest.xml:33:9-35
56        android:appComponentFactory="androidx.core.app.CoreComponentFactory"
56-->[androidx.core:core:1.15.0] AndroidManifest.xml:28:18-86
57        android:extractNativeLibs="false"
58        android:icon="@mipmap/ic_launcher"
58-->src/main/AndroidManifest.xml:34:9-43
59        android:label="@string/app_name"
59-->src/main/AndroidManifest.xml:36:9-41
60        android:networkSecurityConfig="@xml/network_security_config"
60-->src/main/AndroidManifest.xml:39:9-69
61        android:roundIcon="@mipmap/ic_launcher_round"
61-->src/main/AndroidManifest.xml:35:9-54
62        android:supportsRtl="true"
62-->src/main/AndroidManifest.xml:37:9-35
63        android:theme="@style/Theme.DTPS"
63-->src/main/AndroidManifest.xml:38:9-42
64        android:usesCleartextTraffic="false" >
64-->src/main/AndroidManifest.xml:40:9-45
65        <activity
65-->src/main/AndroidManifest.xml:43:9-70:20
66            android:name="mw.dtps.app.MainActivity"
66-->src/main/AndroidManifest.xml:44:13-41
67            android:configChanges="orientation|screenSize|screenLayout|keyboardHidden"
67-->src/main/AndroidManifest.xml:46:13-87
68            android:exported="true"
68-->src/main/AndroidManifest.xml:45:13-36
69            android:launchMode="singleTask"
69-->src/main/AndroidManifest.xml:47:13-44
70            android:theme="@style/Theme.DTPS.Splash"
70-->src/main/AndroidManifest.xml:49:13-53
71            android:windowSoftInputMode="adjustResize" >
71-->src/main/AndroidManifest.xml:48:13-55
72            <intent-filter>
72-->src/main/AndroidManifest.xml:51:13-54:29
73                <action android:name="android.intent.action.MAIN" />
73-->src/main/AndroidManifest.xml:52:17-69
73-->src/main/AndroidManifest.xml:52:25-66
74
75                <category android:name="android.intent.category.LAUNCHER" />
75-->src/main/AndroidManifest.xml:53:17-77
75-->src/main/AndroidManifest.xml:53:27-74
76            </intent-filter>
77
78            <!-- Deep linking -->
79            <intent-filter android:autoVerify="true" >
79-->src/main/AndroidManifest.xml:57:13-62:29
79-->src/main/AndroidManifest.xml:57:28-53
80                <action android:name="android.intent.action.VIEW" />
80-->src/main/AndroidManifest.xml:58:17-69
80-->src/main/AndroidManifest.xml:58:25-66
81
82                <category android:name="android.intent.category.DEFAULT" />
82-->src/main/AndroidManifest.xml:59:17-76
82-->src/main/AndroidManifest.xml:59:27-73
83                <category android:name="android.intent.category.BROWSABLE" />
83-->src/main/AndroidManifest.xml:60:17-78
83-->src/main/AndroidManifest.xml:60:27-75
84
85                <data
85-->src/main/AndroidManifest.xml:61:17-100
86                    android:host="dtps.tech"
86-->src/main/AndroidManifest.xml:61:46-70
87                    android:pathPrefix="/user"
87-->src/main/AndroidManifest.xml:61:71-97
88                    android:scheme="https" />
88-->src/main/AndroidManifest.xml:61:23-45
89            </intent-filter>
90            <intent-filter>
90-->src/main/AndroidManifest.xml:64:13-69:29
91                <action android:name="android.intent.action.VIEW" />
91-->src/main/AndroidManifest.xml:58:17-69
91-->src/main/AndroidManifest.xml:58:25-66
92
93                <category android:name="android.intent.category.DEFAULT" />
93-->src/main/AndroidManifest.xml:59:17-76
93-->src/main/AndroidManifest.xml:59:27-73
94                <category android:name="android.intent.category.BROWSABLE" />
94-->src/main/AndroidManifest.xml:60:17-78
94-->src/main/AndroidManifest.xml:60:27-75
95
96                <data
96-->src/main/AndroidManifest.xml:61:17-100
97                    android:host="user"
97-->src/main/AndroidManifest.xml:61:46-70
98                    android:scheme="dtps" />
98-->src/main/AndroidManifest.xml:61:23-45
99            </intent-filter>
100        </activity>
101
102        <!-- FileProvider for camera photos -->
103        <provider
104            android:name="androidx.core.content.FileProvider"
104-->src/main/AndroidManifest.xml:74:13-62
105            android:authorities="mw.dtps.app.fileprovider"
105-->src/main/AndroidManifest.xml:75:13-64
106            android:exported="false"
106-->src/main/AndroidManifest.xml:76:13-37
107            android:grantUriPermissions="true" >
107-->src/main/AndroidManifest.xml:77:13-47
108            <meta-data
108-->src/main/AndroidManifest.xml:78:13-80:54
109                android:name="android.support.FILE_PROVIDER_PATHS"
109-->src/main/AndroidManifest.xml:79:17-67
110                android:resource="@xml/file_paths" />
110-->src/main/AndroidManifest.xml:80:17-51
111        </provider>
112
113        <!-- Firebase Messaging Service -->
114        <service
114-->src/main/AndroidManifest.xml:84:9-91:19
115            android:name="mw.dtps.app.DTPSFirebaseMessagingService"
115-->src/main/AndroidManifest.xml:85:13-57
116            android:directBootAware="true"
116-->src/main/AndroidManifest.xml:87:13-43
117            android:exported="false" >
117-->src/main/AndroidManifest.xml:86:13-37
118            <intent-filter>
118-->src/main/AndroidManifest.xml:88:13-90:29
119                <action android:name="com.google.firebase.MESSAGING_EVENT" />
119-->src/main/AndroidManifest.xml:89:17-78
119-->src/main/AndroidManifest.xml:89:25-75
120            </intent-filter>
121        </service>
122
123        <!-- Boot completed receiver disabled - app is user-initiated only -->
124
125
126        <!-- Default notification channel -->
127        <meta-data
127-->src/main/AndroidManifest.xml:96:9-98:50
128            android:name="com.google.firebase.messaging.default_notification_channel_id"
128-->src/main/AndroidManifest.xml:97:13-89
129            android:value="dtps_notifications" />
129-->src/main/AndroidManifest.xml:98:13-47
130
131        <!-- Default notification icon -->
132        <meta-data
132-->src/main/AndroidManifest.xml:101:9-103:60
133            android:name="com.google.firebase.messaging.default_notification_icon"
133-->src/main/AndroidManifest.xml:102:13-83
134            android:resource="@drawable/ic_notification" />
134-->src/main/AndroidManifest.xml:103:13-57
135
136        <!-- Default notification color -->
137        <meta-data
137-->src/main/AndroidManifest.xml:106:9-108:60
138            android:name="com.google.firebase.messaging.default_notification_color"
138-->src/main/AndroidManifest.xml:107:13-84
139            android:resource="@color/notification_color" />
139-->src/main/AndroidManifest.xml:108:13-57
140
141        <provider
141-->[androidx.emoji2:emoji2:1.3.0] AndroidManifest.xml:24:9-32:20
142            android:name="androidx.startup.InitializationProvider"
142-->[androidx.emoji2:emoji2:1.3.0] AndroidManifest.xml:25:13-67
143            android:authorities="mw.dtps.app.androidx-startup"
143-->[androidx.emoji2:emoji2:1.3.0] AndroidManifest.xml:26:13-68
144            android:exported="false" >
144-->[androidx.emoji2:emoji2:1.3.0] AndroidManifest.xml:27:13-37
145            <meta-data
145-->[androidx.emoji2:emoji2:1.3.0] AndroidManifest.xml:29:13-31:52
146                android:name="androidx.emoji2.text.EmojiCompatInitializer"
146-->[androidx.emoji2:emoji2:1.3.0] AndroidManifest.xml:30:17-75
147                android:value="androidx.startup" />
147-->[androidx.emoji2:emoji2:1.3.0] AndroidManifest.xml:31:17-49
148            <meta-data
148-->[androidx.lifecycle:lifecycle-process:2.6.2] AndroidManifest.xml:29:13-31:52
149                android:name="androidx.lifecycle.ProcessLifecycleInitializer"
149-->[androidx.lifecycle:lifecycle-process:2.6.2] AndroidManifest.xml:30:17-78
150                android:value="androidx.startup" />
150-->[androidx.lifecycle:lifecycle-process:2.6.2] AndroidManifest.xml:31:17-49
151            <meta-data
151-->[androidx.profileinstaller:profileinstaller:1.4.0] AndroidManifest.xml:29:13-31:52
152                android:name="androidx.profileinstaller.ProfileInstallerInitializer"
152-->[androidx.profileinstaller:profileinstaller:1.4.0] AndroidManifest.xml:30:17-85
153                android:value="androidx.startup" />
153-->[androidx.profileinstaller:profileinstaller:1.4.0] AndroidManifest.xml:31:17-49
154        </provider>
155
156        <service
156-->[com.google.firebase:firebase-analytics-ktx:22.2.0] AndroidManifest.xml:8:9-14:19
157            android:name="com.google.firebase.components.ComponentDiscoveryService"
157-->[com.google.firebase:firebase-analytics-ktx:22.2.0] AndroidManifest.xml:9:13-84
158            android:directBootAware="true"
158-->[com.google.firebase:firebase-common:21.0.0] AndroidManifest.xml:32:13-43
159            android:exported="false" >
159-->[com.google.firebase:firebase-analytics-ktx:22.2.0] AndroidManifest.xml:10:13-37
160            <meta-data
160-->[com.google.firebase:firebase-analytics-ktx:22.2.0] AndroidManifest.xml:11:13-13:85
161                android:name="com.google.firebase.components:com.google.firebase.analytics.ktx.FirebaseAnalyticsLegacyRegistrar"
161-->[com.google.firebase:firebase-analytics-ktx:22.2.0] AndroidManifest.xml:12:17-129
162                android:value="com.google.firebase.components.ComponentRegistrar" />
162-->[com.google.firebase:firebase-analytics-ktx:22.2.0] AndroidManifest.xml:13:17-82
163            <meta-data
163-->[com.google.firebase:firebase-messaging-ktx:24.1.0] AndroidManifest.xml:26:13-28:85
164                android:name="com.google.firebase.components:com.google.firebase.messaging.ktx.FirebaseMessagingLegacyRegistrar"
164-->[com.google.firebase:firebase-messaging-ktx:24.1.0] AndroidManifest.xml:27:17-129
165                android:value="com.google.firebase.components.ComponentRegistrar" />
165-->[com.google.firebase:firebase-messaging-ktx:24.1.0] AndroidManifest.xml:28:17-82
166            <meta-data
166-->[com.google.firebase:firebase-messaging:24.1.0] AndroidManifest.xml:57:13-59:85
167                android:name="com.google.firebase.components:com.google.firebase.messaging.FirebaseMessagingKtxRegistrar"
167-->[com.google.firebase:firebase-messaging:24.1.0] AndroidManifest.xml:58:17-122
168                android:value="com.google.firebase.components.ComponentRegistrar" />
168-->[com.google.firebase:firebase-messaging:24.1.0] AndroidManifest.xml:59:17-82
169            <meta-data
169-->[com.google.firebase:firebase-messaging:24.1.0] AndroidManifest.xml:60:13-62:85
170                android:name="com.google.firebase.components:com.google.firebase.messaging.FirebaseMessagingRegistrar"
170-->[com.google.firebase:firebase-messaging:24.1.0] AndroidManifest.xml:61:17-119
171                android:value="com.google.firebase.components.ComponentRegistrar" />
171-->[com.google.firebase:firebase-messaging:24.1.0] AndroidManifest.xml:62:17-82
172            <meta-data
172-->[com.google.android.gms:play-services-measurement-api:22.2.0] AndroidManifest.xml:33:13-35:85
173                android:name="com.google.firebase.components:com.google.firebase.analytics.connector.internal.AnalyticsConnectorRegistrar"
173-->[com.google.android.gms:play-services-measurement-api:22.2.0] AndroidManifest.xml:34:17-139
174                android:value="com.google.firebase.components.ComponentRegistrar" />
174-->[com.google.android.gms:play-services-measurement-api:22.2.0] AndroidManifest.xml:35:17-82
175            <meta-data
175-->[com.google.firebase:firebase-installations:18.0.0] AndroidManifest.xml:15:13-17:85
176                android:name="com.google.firebase.components:com.google.firebase.installations.FirebaseInstallationsKtxRegistrar"
176-->[com.google.firebase:firebase-installations:18.0.0] AndroidManifest.xml:16:17-130
177                android:value="com.google.firebase.components.ComponentRegistrar" />
177-->[com.google.firebase:firebase-installations:18.0.0] AndroidManifest.xml:17:17-82
178            <meta-data
178-->[com.google.firebase:firebase-installations:18.0.0] AndroidManifest.xml:18:13-20:85
179                android:name="com.google.firebase.components:com.google.firebase.installations.FirebaseInstallationsRegistrar"
179-->[com.google.firebase:firebase-installations:18.0.0] AndroidManifest.xml:19:17-127
180                android:value="com.google.firebase.components.ComponentRegistrar" />
180-->[com.google.firebase:firebase-installations:18.0.0] AndroidManifest.xml:20:17-82
181            <meta-data
181-->[com.google.firebase:firebase-common-ktx:21.0.0] AndroidManifest.xml:12:13-14:85
182                android:name="com.google.firebase.components:com.google.firebase.ktx.FirebaseCommonLegacyRegistrar"
182-->[com.google.firebase:firebase-common-ktx:21.0.0] AndroidManifest.xml:13:17-116
183                android:value="com.google.firebase.components.ComponentRegistrar" />
183-->[com.google.firebase:firebase-common-ktx:21.0.0] AndroidManifest.xml:14:17-82
184            <meta-data
184-->[com.google.firebase:firebase-common:21.0.0] AndroidManifest.xml:35:13-37:85
185                android:name="com.google.firebase.components:com.google.firebase.FirebaseCommonKtxRegistrar"
185-->[com.google.firebase:firebase-common:21.0.0] AndroidManifest.xml:36:17-109
186                android:value="com.google.firebase.components.ComponentRegistrar" />
186-->[com.google.firebase:firebase-common:21.0.0] AndroidManifest.xml:37:17-82
187            <meta-data
187-->[com.google.firebase:firebase-datatransport:18.2.0] AndroidManifest.xml:25:13-27:85
188                android:name="com.google.firebase.components:com.google.firebase.datatransport.TransportRegistrar"
188-->[com.google.firebase:firebase-datatransport:18.2.0] AndroidManifest.xml:26:17-115
189                android:value="com.google.firebase.components.ComponentRegistrar" />
189-->[com.google.firebase:firebase-datatransport:18.2.0] AndroidManifest.xml:27:17-82
190        </service>
191
192        <receiver
192-->[com.google.firebase:firebase-messaging:24.1.0] AndroidManifest.xml:29:9-40:20
193            android:name="com.google.firebase.iid.FirebaseInstanceIdReceiver"
193-->[com.google.firebase:firebase-messaging:24.1.0] AndroidManifest.xml:30:13-78
194            android:exported="true"
194-->[com.google.firebase:firebase-messaging:24.1.0] AndroidManifest.xml:31:13-36
195            android:permission="com.google.android.c2dm.permission.SEND" >
195-->[com.google.firebase:firebase-messaging:24.1.0] AndroidManifest.xml:32:13-73
196            <intent-filter>
196-->[com.google.firebase:firebase-messaging:24.1.0] AndroidManifest.xml:33:13-35:29
197                <action android:name="com.google.android.c2dm.intent.RECEIVE" />
197-->[com.google.firebase:firebase-messaging:24.1.0] AndroidManifest.xml:34:17-81
197-->[com.google.firebase:firebase-messaging:24.1.0] AndroidManifest.xml:34:25-78
198            </intent-filter>
199
200            <meta-data
200-->[com.google.firebase:firebase-messaging:24.1.0] AndroidManifest.xml:37:13-39:40
201                android:name="com.google.android.gms.cloudmessaging.FINISHED_AFTER_HANDLED"
201-->[com.google.firebase:firebase-messaging:24.1.0] AndroidManifest.xml:38:17-92
202                android:value="true" />
202-->[com.google.firebase:firebase-messaging:24.1.0] AndroidManifest.xml:39:17-37
203        </receiver>
204        <!--
205             FirebaseMessagingService performs security checks at runtime,
206             but set to not exported to explicitly avoid allowing another app to call it.
207        -->
208        <service
208-->[com.google.firebase:firebase-messaging:24.1.0] AndroidManifest.xml:46:9-53:19
209            android:name="com.google.firebase.messaging.FirebaseMessagingService"
209-->[com.google.firebase:firebase-messaging:24.1.0] AndroidManifest.xml:47:13-82
210            android:directBootAware="true"
210-->[com.google.firebase:firebase-messaging:24.1.0] AndroidManifest.xml:48:13-43
211            android:exported="false" >
211-->[com.google.firebase:firebase-messaging:24.1.0] AndroidManifest.xml:49:13-37
212            <intent-filter android:priority="-500" >
212-->src/main/AndroidManifest.xml:88:13-90:29
213                <action android:name="com.google.firebase.MESSAGING_EVENT" />
213-->src/main/AndroidManifest.xml:89:17-78
213-->src/main/AndroidManifest.xml:89:25-75
214            </intent-filter>
215        </service>
216
217        <provider
217-->[com.google.firebase:firebase-common:21.0.0] AndroidManifest.xml:23:9-28:39
218            android:name="com.google.firebase.provider.FirebaseInitProvider"
218-->[com.google.firebase:firebase-common:21.0.0] AndroidManifest.xml:24:13-77
219            android:authorities="mw.dtps.app.firebaseinitprovider"
219-->[com.google.firebase:firebase-common:21.0.0] AndroidManifest.xml:25:13-72
220            android:directBootAware="true"
220-->[com.google.firebase:firebase-common:21.0.0] AndroidManifest.xml:26:13-43
221            android:exported="false"
221-->[com.google.firebase:firebase-common:21.0.0] AndroidManifest.xml:27:13-37
222            android:initOrder="100" />
222-->[com.google.firebase:firebase-common:21.0.0] AndroidManifest.xml:28:13-36
223
224        <receiver
224-->[com.google.android.gms:play-services-measurement:22.2.0] AndroidManifest.xml:29:9-33:20
225            android:name="com.google.android.gms.measurement.AppMeasurementReceiver"
225-->[com.google.android.gms:play-services-measurement:22.2.0] AndroidManifest.xml:30:13-85
226            android:enabled="true"
226-->[com.google.android.gms:play-services-measurement:22.2.0] AndroidManifest.xml:31:13-35
227            android:exported="false" >
227-->[com.google.android.gms:play-services-measurement:22.2.0] AndroidManifest.xml:32:13-37
228        </receiver>
229
230        <service
230-->[com.google.android.gms:play-services-measurement:22.2.0] AndroidManifest.xml:35:9-38:40
231            android:name="com.google.android.gms.measurement.AppMeasurementService"
231-->[com.google.android.gms:play-services-measurement:22.2.0] AndroidManifest.xml:36:13-84
232            android:enabled="true"
232-->[com.google.android.gms:play-services-measurement:22.2.0] AndroidManifest.xml:37:13-35
233            android:exported="false" />
233-->[com.google.android.gms:play-services-measurement:22.2.0] AndroidManifest.xml:38:13-37
234        <service
234-->[com.google.android.gms:play-services-measurement:22.2.0] AndroidManifest.xml:39:9-43:72
235            android:name="com.google.android.gms.measurement.AppMeasurementJobService"
235-->[com.google.android.gms:play-services-measurement:22.2.0] AndroidManifest.xml:40:13-87
236            android:enabled="true"
236-->[com.google.android.gms:play-services-measurement:22.2.0] AndroidManifest.xml:41:13-35
237            android:exported="false"
237-->[com.google.android.gms:play-services-measurement:22.2.0] AndroidManifest.xml:42:13-37
238            android:permission="android.permission.BIND_JOB_SERVICE" />
238-->[com.google.android.gms:play-services-measurement:22.2.0] AndroidManifest.xml:43:13-69
239
240        <activity
240-->[com.google.android.gms:play-services-base:18.5.0] AndroidManifest.xml:5:9-173
241            android:name="com.google.android.gms.common.api.GoogleApiActivity"
241-->[com.google.android.gms:play-services-base:18.5.0] AndroidManifest.xml:5:19-85
242            android:exported="false"
242-->[com.google.android.gms:play-services-base:18.5.0] AndroidManifest.xml:5:146-170
243            android:theme="@android:style/Theme.Translucent.NoTitleBar" />
243-->[com.google.android.gms:play-services-base:18.5.0] AndroidManifest.xml:5:86-145
244
245        <uses-library
245-->[androidx.privacysandbox.ads:ads-adservices:1.0.0-beta05] AndroidManifest.xml:23:9-25:40
246            android:name="android.ext.adservices"
246-->[androidx.privacysandbox.ads:ads-adservices:1.0.0-beta05] AndroidManifest.xml:24:13-50
247            android:required="false" />
247-->[androidx.privacysandbox.ads:ads-adservices:1.0.0-beta05] AndroidManifest.xml:25:13-37
248
249        <meta-data
249-->[com.google.android.gms:play-services-basement:18.5.0] AndroidManifest.xml:21:9-23:69
250            android:name="com.google.android.gms.version"
250-->[com.google.android.gms:play-services-basement:18.5.0] AndroidManifest.xml:22:13-58
251            android:value="@integer/google_play_services_version" />
251-->[com.google.android.gms:play-services-basement:18.5.0] AndroidManifest.xml:23:13-66
252
253        <receiver
253-->[androidx.profileinstaller:profileinstaller:1.4.0] AndroidManifest.xml:34:9-52:20
254            android:name="androidx.profileinstaller.ProfileInstallReceiver"
254-->[androidx.profileinstaller:profileinstaller:1.4.0] AndroidManifest.xml:35:13-76
255            android:directBootAware="false"
255-->[androidx.profileinstaller:profileinstaller:1.4.0] AndroidManifest.xml:36:13-44
256            android:enabled="true"
256-->[androidx.profileinstaller:profileinstaller:1.4.0] AndroidManifest.xml:37:13-35
257            android:exported="true"
257-->[androidx.profileinstaller:profileinstaller:1.4.0] AndroidManifest.xml:38:13-36
258            android:permission="android.permission.DUMP" >
258-->[androidx.profileinstaller:profileinstaller:1.4.0] AndroidManifest.xml:39:13-57
259            <intent-filter>
259-->[androidx.profileinstaller:profileinstaller:1.4.0] AndroidManifest.xml:40:13-42:29
260                <action android:name="androidx.profileinstaller.action.INSTALL_PROFILE" />
260-->[androidx.profileinstaller:profileinstaller:1.4.0] AndroidManifest.xml:41:17-91
260-->[androidx.profileinstaller:profileinstaller:1.4.0] AndroidManifest.xml:41:25-88
261            </intent-filter>
262            <intent-filter>
262-->[androidx.profileinstaller:profileinstaller:1.4.0] AndroidManifest.xml:43:13-45:29
263                <action android:name="androidx.profileinstaller.action.SKIP_FILE" />
263-->[androidx.profileinstaller:profileinstaller:1.4.0] AndroidManifest.xml:44:17-85
263-->[androidx.profileinstaller:profileinstaller:1.4.0] AndroidManifest.xml:44:25-82
264            </intent-filter>
265            <intent-filter>
265-->[androidx.profileinstaller:profileinstaller:1.4.0] AndroidManifest.xml:46:13-48:29
266                <action android:name="androidx.profileinstaller.action.SAVE_PROFILE" />
266-->[androidx.profileinstaller:profileinstaller:1.4.0] AndroidManifest.xml:47:17-88
266-->[androidx.profileinstaller:profileinstaller:1.4.0] AndroidManifest.xml:47:25-85
267            </intent-filter>
268            <intent-filter>
268-->[androidx.profileinstaller:profileinstaller:1.4.0] AndroidManifest.xml:49:13-51:29
269                <action android:name="androidx.profileinstaller.action.BENCHMARK_OPERATION" />
269-->[androidx.profileinstaller:profileinstaller:1.4.0] AndroidManifest.xml:50:17-95
269-->[androidx.profileinstaller:profileinstaller:1.4.0] AndroidManifest.xml:50:25-92
270            </intent-filter>
271        </receiver>
272
273        <service
273-->[com.google.android.datatransport:transport-backend-cct:3.1.9] AndroidManifest.xml:28:9-34:19
274            android:name="com.google.android.datatransport.runtime.backends.TransportBackendDiscovery"
274-->[com.google.android.datatransport:transport-backend-cct:3.1.9] AndroidManifest.xml:29:13-103
275            android:exported="false" >
275-->[com.google.android.datatransport:transport-backend-cct:3.1.9] AndroidManifest.xml:30:13-37
276            <meta-data
276-->[com.google.android.datatransport:transport-backend-cct:3.1.9] AndroidManifest.xml:31:13-33:39
277                android:name="backend:com.google.android.datatransport.cct.CctBackendFactory"
277-->[com.google.android.datatransport:transport-backend-cct:3.1.9] AndroidManifest.xml:32:17-94
278                android:value="cct" />
278-->[com.google.android.datatransport:transport-backend-cct:3.1.9] AndroidManifest.xml:33:17-36
279        </service>
280        <service
280-->[com.google.android.datatransport:transport-runtime:3.1.9] AndroidManifest.xml:26:9-30:19
281            android:name="com.google.android.datatransport.runtime.scheduling.jobscheduling.JobInfoSchedulerService"
281-->[com.google.android.datatransport:transport-runtime:3.1.9] AndroidManifest.xml:27:13-117
282            android:exported="false"
282-->[com.google.android.datatransport:transport-runtime:3.1.9] AndroidManifest.xml:28:13-37
283            android:permission="android.permission.BIND_JOB_SERVICE" >
283-->[com.google.android.datatransport:transport-runtime:3.1.9] AndroidManifest.xml:29:13-69